Arguments: 
  D:\Developer environment\nodeJS\node.exe D:\Developer environment\Yarn\bin\yarn.js add vue-resource

PATH: 
  C:\Program Files (x86)\Common Files\Oracle\Java\javapath;C:\Windows\system32;C:\Windows;C:\Windows\System32\Wbem;C:\Windows\System32\WindowsPowerShell\v1.0\;C:\Windows\System32\OpenSSH\;C:\Program Files\NVIDIA Corporation\NVIDIA NvDLISR;C:\Program Files (x86)\NVIDIA Corporation\PhysX\Common;C:\Program Files\Gradle\bin;D:\Developer environment\Git\cmd;D:\Developer environment\PuTTY\;D:\Developer environment\WinSCP\;D:\Developer environment\nodeJS\;D:\Developer environment\Yarn\bin\;C:\Users\stixl\AppData\Local\Microsoft\WindowsApps;D:\Developer environment\IntelliJ IDEA 2019.3.3\bin;;D:\Developer environment\apache-maven-3.6.3\bin;C:\Program Files\Java\jdk-12.0.2\bin;;D:\Developer environment\IntelliJ IDEA Community Edition 2019.3.2\bin;;C:\Users\stixl\AppData\Roaming\npm;C:\Users\stixl\AppData\Local\Yarn\bin

Yarn version: 
  1.22.4

Node version: 
  12.16.1

Platform: 
  win32 x64

Trace: 
  SyntaxError: D:\project\assigments\package.json: Unexpected token } in JSON at position 251
      at JSON.parse (<anonymous>)
      at D:\Developer environment\Yarn\lib\cli.js:1625:59
      at Generator.next (<anonymous>)
      at step (D:\Developer environment\Yarn\lib\cli.js:310:30)
      at D:\Developer environment\Yarn\lib\cli.js:321:13

npm manifest: 
  {
    "name": "assigments",
    "version": "1.0.0",
    "main": "index.js",
    "repository": "https://github.com/OlegPorodkin/Assignments.git",
    "author": "OlegPorodkin <p2o7r0o4d9k0in>",
    "license": "MIT",
    "dependencies": {
      "vue": "^2.6.11",
      
    }
  }

yarn manifest: 
  No manifest

Lockfile: 
  # THIS IS AN AUTOGENERATED FILE. DO NOT EDIT THIS FILE DIRECTLY.
  # yarn lockfile v1
  
  
  vue@^2.6.11:
    version "2.6.11"
    resolved "https://registry.yarnpkg.com/vue/-/vue-2.6.11.tgz#76594d877d4b12234406e84e35275c6d514125c5"
    integrity sha512-VfPwgcGABbGAue9+sfrD4PuwFar7gPb1yl1UK1MwXoQPAw0BKSqWfoYCT/ThFrdEVWoI51dBuyCoiNU9bZDZxQ==
